[1769001015.902][INFO]: Starting ChromeDriver 143.0.7499.192 (be2c1f4fd451578a9ada68a0ac12d659362b44bf-refs/branch-heads/7499@{#4083}) on port 44779
[1769001015.903][INFO]: Please see https://chromedriver.chromium.org/security-considerations for suggestions on keeping ChromeDriver safe.
[1769001015.907][INFO]: ChromeDriver was started successfully on port 44779
[1769001015.915][INFO]: [9c454aad9e70ad17323aaefdd72f2681] COMMAND InitSession {
   "capabilities": {
      "alwaysMatch": {
         "browserName": "chrome",
         "goog:chromeOptions": {
            "args": [ "--no-sandbox", "--disable-dev-shm-usage", "--disable-gpu", "--disable-software-rasterizer", "--remote-debugging-port=9222", "--window-size=1280,720", "--user-data-dir=/tmp/chrome-user-data", "--data-path=/tmp/chrome-data", "--disk-cache-dir=/tmp/chrome-cache", "--no-first-run", "--no-default-browser-check", "--headless=new" ],
            "binary": "/snap/bin/chromium",
            "extensions": [  ]
         },
         "pageLoadStrategy": "normal"
      },
      "firstMatch": [ {
      } ]
   }
}
[1769001015.916][INFO]: Populating Preferences file: {
   "alternate_error_pages": {
      "enabled": false
   },
   "autofill": {
      "enabled": false
   },
   "browser": {
      "check_default_browser": false
   },
   "distribution": {
      "import_bookmarks": false,
      "import_history": false,
      "import_search_engine": false,
      "make_chrome_default_for_user": false,
      "skip_first_run_ui": true
   },
   "dns_prefetching": {
      "enabled": false
   },
   "profile": {
      "content_settings": {
         "pattern_pairs": {
            "https://*,*": {
               "media-stream": {
                  "audio": "Default",
                  "video": "Default"
               }
            }
         }
      },
      "default_content_setting_values": {
         "geolocation": 1
      },
      "default_content_settings": {
         "geolocation": 1,
         "mouselock": 1,
         "notifications": 1,
         "popups": 1,
         "ppapi-broker": 1
      },
      "password_manager_enabled": false
   },
   "safebrowsing": {
      "enabled": false
   },
   "search": {
      "suggest_enabled": false
   },
   "translate": {
      "enabled": false
   }
}
[1769001015.916][INFO]: Populating Local State file: {
   "background_mode": {
      "enabled": false
   },
   "ssl": {
      "rev_checking": {
         "enabled": false
      }
   }
}
[1769001015.917][INFO]: ChromeDriver supports communication with Chrome via pipes. This is more reliable and more secure.
[1769001015.917][INFO]: Use the --remote-debugging-pipe Chrome switch instead of the default --remote-debugging-port to enable this communication mode.
[1769001015.917][INFO]: Launching chrome: /snap/bin/chromium --allow-pre-commit-input --data-path=/tmp/chrome-data --disable-background-networking --disable-client-side-phishing-detection --disable-default-apps --disable-dev-shm-usage --disable-features=IgnoreDuplicateNavs,Prewarm --disable-gpu --disable-hang-monitor --disable-popup-blocking --disable-prompt-on-repost --disable-software-rasterizer --disable-sync --disk-cache-dir=/tmp/chrome-cache --enable-automation --enable-logging --headless=new --log-level=0 --no-default-browser-check --no-first-run --no-sandbox --no-service-autorun --password-store=basic --remote-debugging-port=9222 --test-type=webdriver --use-mock-keychain --user-data-dir=/tmp/chrome-user-data --window-size=1280,720
[1769001017.045][INFO]: [9c454aad9e70ad17323aaefdd72f2681] RESPONSE InitSession ERROR session not created: Chrome instance exited. Examine ChromeDriver verbose log to determine the cause.
